
2024-08-08:
    001: 
        - 新增：忽略空文件夹（默认开启） #plan20240805002
        - 新增：忽略指定文件（默认包含 ".uploaded" 后缀文件） #plan20240805003

2024-08-05:
    001: 
        - 修复：获取远程文件夹信息报错bug
        - 新增：test命令，用于测试cookies有效性。

2024-08-03:
    001: 暂时取消秒传功能（未找到关键点）
    002: 使用Fire替代传统命令
    003:
        - 增加进度显示。
        - 支持 --free 命令释放文件
    004:
        - 新增GPLv3许可
        - 著作权归属优化
        - 分离Fake115Client类模块
        - 新增文件夹上传函数
        - 优化文件释放算法逻辑
        - 新增upload_progress上传进度散装函数，强化回显细粒度
        - 文件结构优化
        - 其他优化

2024-07-31:
    001: 优化配置文件读入（支持.env配置）